2026-01-11 01:11:31 | unimol_tools/weights/weighthub.py | 54 | INFO | Uni-Mol Tools | Weights will be downloaded to default directory: /root/miniconda3/envs/unimol/lib/python3.10/site-packages/unimol_tools/weights
2026-01-11 01:11:31 | unimol_tools/weights/weighthub.py | 71 | INFO | Uni-Mol Tools | Downloading mol_pre_all_h_220816.pt
2026-01-11 01:11:35 | unimol_tools/weights/weighthub.py | 54 | INFO | Uni-Mol Tools | Weights will be downloaded to default directory: /root/miniconda3/envs/unimol/lib/python3.10/site-packages/unimol_tools/weights
2026-01-11 01:11:35 | unimol_tools/weights/weighthub.py | 71 | INFO | Uni-Mol Tools | Downloading mol.dict.txt
2026-01-11 01:11:36 | unimol_tools/models/unimol.py | 167 | INFO | Uni-Mol Tools | Loading pretrained weights from /root/miniconda3/envs/unimol/lib/python3.10/site-packages/unimol_tools/weights/mol_pre_all_h_220816.pt
2026-01-11 01:11:36 | unimol_tools/data/conformer.py | 182 | INFO | Uni-Mol Tools | Start generating conformers...
2026-01-11 01:11:38 | unimol_tools/data/conformer.py | 197 | INFO | Uni-Mol Tools | Succeeded in generating conformers for 100.00% of molecules.
2026-01-11 01:11:38 | unimol_tools/data/conformer.py | 214 | INFO | Uni-Mol Tools | Succeeded in generating 3d conformers for 87.50% of molecules.
2026-01-11 01:11:38 | unimol_tools/data/conformer.py | 223 | INFO | Uni-Mol Tools | Failed 3d conformers indices: [6, 9, 20, 21]
2026-01-11 01:11:38 | unimol_tools/tasks/trainer.py | 78 | INFO | Uni-Mol Tools | Number of GPUs available: 1
2026-01-11 01:11:38 | unimol_tools/tasks/trainer.py | 98 | INFO | Uni-Mol Tools | Using single GPU.
2026-01-11 01:11:40 | unimol_tools/data/conformer.py | 182 | INFO | Uni-Mol Tools | Start generating conformers...
2026-01-11 01:11:43 | unimol_tools/data/conformer.py | 197 | INFO | Uni-Mol Tools | Succeeded in generating conformers for 100.00% of molecules.
2026-01-11 01:11:43 | unimol_tools/data/conformer.py | 214 | INFO | Uni-Mol Tools | Succeeded in generating 3d conformers for 93.75% of molecules.
2026-01-11 01:11:43 | unimol_tools/data/conformer.py | 223 | INFO | Uni-Mol Tools | Failed 3d conformers indices: [3, 26]
2026-01-11 01:11:43 | unimol_tools/tasks/trainer.py | 78 | INFO | Uni-Mol Tools | Number of GPUs available: 1
2026-01-11 01:11:43 | unimol_tools/tasks/trainer.py | 98 | INFO | Uni-Mol Tools | Using single GPU.
2026-01-11 01:11:43 | unimol_tools/data/conformer.py | 182 | INFO | Uni-Mol Tools | Start generating conformers...
2026-01-11 01:11:46 | unimol_tools/data/conformer.py | 197 | INFO | Uni-Mol Tools | Succeeded in generating conformers for 100.00% of molecules.
2026-01-11 01:11:46 | unimol_tools/data/conformer.py | 214 | INFO | Uni-Mol Tools | Succeeded in generating 3d conformers for 96.88% of molecules.
2026-01-11 01:11:46 | unimol_tools/data/conformer.py | 223 | INFO | Uni-Mol Tools | Failed 3d conformers indices: [27]
2026-01-11 01:11:46 | unimol_tools/tasks/trainer.py | 78 | INFO | Uni-Mol Tools | Number of GPUs available: 1
2026-01-11 01:11:46 | unimol_tools/tasks/trainer.py | 98 | INFO | Uni-Mol Tools | Using single GPU.
2026-01-11 01:11:47 | unimol_tools/data/conformer.py | 182 | INFO | Uni-Mol Tools | Start generating conformers...
2026-01-11 01:11:50 | unimol_tools/data/conformer.py | 197 | INFO | Uni-Mol Tools | Succeeded in generating conformers for 100.00% of molecules.
2026-01-11 01:11:50 | unimol_tools/data/conformer.py | 214 | INFO | Uni-Mol Tools | Succeeded in generating 3d conformers for 90.62% of molecules.
2026-01-11 01:11:50 | unimol_tools/data/conformer.py | 223 | INFO | Uni-Mol Tools | Failed 3d conformers indices: [11, 13, 28]
2026-01-11 01:11:50 | unimol_tools/tasks/trainer.py | 78 | INFO | Uni-Mol Tools | Number of GPUs available: 1
2026-01-11 01:11:50 | unimol_tools/tasks/trainer.py | 98 | INFO | Uni-Mol Tools | Using single GPU.
2026-01-11 01:11:51 | unimol_tools/data/conformer.py | 182 | INFO | Uni-Mol Tools | Start generating conformers...
2026-01-11 01:11:53 | unimol_tools/data/conformer.py | 197 | INFO | Uni-Mol Tools | Succeeded in generating conformers for 100.00% of molecules.
2026-01-11 01:11:53 | unimol_tools/data/conformer.py | 214 | INFO | Uni-Mol Tools | Succeeded in generating 3d conformers for 96.88% of molecules.
2026-01-11 01:11:53 | unimol_tools/data/conformer.py | 223 | INFO | Uni-Mol Tools | Failed 3d conformers indices: [22]
2026-01-11 01:11:53 | unimol_tools/tasks/trainer.py | 78 | INFO | Uni-Mol Tools | Number of GPUs available: 1
2026-01-11 01:11:53 | unimol_tools/tasks/trainer.py | 98 | INFO | Uni-Mol Tools | Using single GPU.
2026-01-11 01:11:54 | unimol_tools/data/conformer.py | 182 | INFO | Uni-Mol Tools | Start generating conformers...
2026-01-11 01:11:57 | unimol_tools/data/conformer.py | 197 | INFO | Uni-Mol Tools | Succeeded in generating conformers for 100.00% of molecules.
2026-01-11 01:11:57 | unimol_tools/data/conformer.py | 214 | INFO | Uni-Mol Tools | Succeeded in generating 3d conformers for 90.62% of molecules.
2026-01-11 01:11:57 | unimol_tools/data/conformer.py | 223 | INFO | Uni-Mol Tools | Failed 3d conformers indices: [1, 9, 23]
2026-01-11 01:11:57 | unimol_tools/tasks/trainer.py | 78 | INFO | Uni-Mol Tools | Number of GPUs available: 1
2026-01-11 01:11:57 | unimol_tools/tasks/trainer.py | 98 | INFO | Uni-Mol Tools | Using single GPU.
2026-01-11 01:11:57 | unimol_tools/data/conformer.py | 182 | INFO | Uni-Mol Tools | Start generating conformers...
2026-01-11 01:11:59 | unimol_tools/data/conformer.py | 197 | INFO | Uni-Mol Tools | Succeeded in generating conformers for 100.00% of molecules.
2026-01-11 01:11:59 | unimol_tools/data/conformer.py | 214 | INFO | Uni-Mol Tools | Succeeded in generating 3d conformers for 90.62% of molecules.
2026-01-11 01:11:59 | unimol_tools/data/conformer.py | 223 | INFO | Uni-Mol Tools | Failed 3d conformers indices: [11, 16, 25]
2026-01-11 01:11:59 | unimol_tools/tasks/trainer.py | 78 | INFO | Uni-Mol Tools | Number of GPUs available: 1
2026-01-11 01:11:59 | unimol_tools/tasks/trainer.py | 98 | INFO | Uni-Mol Tools | Using single GPU.
2026-01-11 01:12:00 | unimol_tools/data/conformer.py | 182 | INFO | Uni-Mol Tools | Start generating conformers...
2026-01-11 01:12:02 | unimol_tools/data/conformer.py | 197 | INFO | Uni-Mol Tools | Succeeded in generating conformers for 100.00% of molecules.
2026-01-11 01:12:02 | unimol_tools/data/conformer.py | 214 | INFO | Uni-Mol Tools | Succeeded in generating 3d conformers for 100.00% of molecules.
2026-01-11 01:12:02 | unimol_tools/tasks/trainer.py | 78 | INFO | Uni-Mol Tools | Number of GPUs available: 1
2026-01-11 01:12:02 | unimol_tools/tasks/trainer.py | 98 | INFO | Uni-Mol Tools | Using single GPU.
2026-01-11 01:12:03 | unimol_tools/data/conformer.py | 182 | INFO | Uni-Mol Tools | Start generating conformers...
2026-01-11 01:12:05 | unimol_tools/data/conformer.py | 197 | INFO | Uni-Mol Tools | Succeeded in generating conformers for 100.00% of molecules.
2026-01-11 01:12:05 | unimol_tools/data/conformer.py | 214 | INFO | Uni-Mol Tools | Succeeded in generating 3d conformers for 96.88% of molecules.
2026-01-11 01:12:05 | unimol_tools/data/conformer.py | 223 | INFO | Uni-Mol Tools | Failed 3d conformers indices: [20]
2026-01-11 01:12:05 | unimol_tools/tasks/trainer.py | 78 | INFO | Uni-Mol Tools | Number of GPUs available: 1
2026-01-11 01:12:05 | unimol_tools/tasks/trainer.py | 98 | INFO | Uni-Mol Tools | Using single GPU.
2026-01-11 01:12:06 | unimol_tools/data/conformer.py | 182 | INFO | Uni-Mol Tools | Start generating conformers...
2026-01-11 01:12:08 | unimol_tools/data/conformer.py | 197 | INFO | Uni-Mol Tools | Succeeded in generating conformers for 100.00% of molecules.
2026-01-11 01:12:08 | unimol_tools/data/conformer.py | 214 | INFO | Uni-Mol Tools | Succeeded in generating 3d conformers for 96.88% of molecules.
2026-01-11 01:12:08 | unimol_tools/data/conformer.py | 223 | INFO | Uni-Mol Tools | Failed 3d conformers indices: [8]
2026-01-11 01:12:08 | unimol_tools/tasks/trainer.py | 78 | INFO | Uni-Mol Tools | Number of GPUs available: 1
2026-01-11 01:12:08 | unimol_tools/tasks/trainer.py | 98 | INFO | Uni-Mol Tools | Using single GPU.
2026-01-11 01:12:09 | unimol_tools/data/conformer.py | 182 | INFO | Uni-Mol Tools | Start generating conformers...
2026-01-11 01:12:12 | unimol_tools/data/conformer.py | 197 | INFO | Uni-Mol Tools | Succeeded in generating conformers for 100.00% of molecules.
2026-01-11 01:12:12 | unimol_tools/data/conformer.py | 214 | INFO | Uni-Mol Tools | Succeeded in generating 3d conformers for 100.00% of molecules.
2026-01-11 01:12:12 | unimol_tools/tasks/trainer.py | 78 | INFO | Uni-Mol Tools | Number of GPUs available: 1
2026-01-11 01:12:12 | unimol_tools/tasks/trainer.py | 98 | INFO | Uni-Mol Tools | Using single GPU.
2026-01-11 01:12:12 | unimol_tools/data/conformer.py | 182 | INFO | Uni-Mol Tools | Start generating conformers...
2026-01-11 01:12:14 | unimol_tools/data/conformer.py | 197 | INFO | Uni-Mol Tools | Succeeded in generating conformers for 100.00% of molecules.
2026-01-11 01:12:14 | unimol_tools/data/conformer.py | 214 | INFO | Uni-Mol Tools | Succeeded in generating 3d conformers for 93.75% of molecules.
2026-01-11 01:12:14 | unimol_tools/data/conformer.py | 223 | INFO | Uni-Mol Tools | Failed 3d conformers indices: [10, 22]
2026-01-11 01:12:14 | unimol_tools/tasks/trainer.py | 78 | INFO | Uni-Mol Tools | Number of GPUs available: 1
2026-01-11 01:12:14 | unimol_tools/tasks/trainer.py | 98 | INFO | Uni-Mol Tools | Using single GPU.
2026-01-11 01:12:15 | unimol_tools/data/conformer.py | 182 | INFO | Uni-Mol Tools | Start generating conformers...
2026-01-11 01:12:17 | unimol_tools/data/conformer.py | 197 | INFO | Uni-Mol Tools | Succeeded in generating conformers for 100.00% of molecules.
2026-01-11 01:12:17 | unimol_tools/data/conformer.py | 214 | INFO | Uni-Mol Tools | Succeeded in generating 3d conformers for 93.75% of molecules.
2026-01-11 01:12:17 | unimol_tools/data/conformer.py | 223 | INFO | Uni-Mol Tools | Failed 3d conformers indices: [9, 20]
2026-01-11 01:12:17 | unimol_tools/tasks/trainer.py | 78 | INFO | Uni-Mol Tools | Number of GPUs available: 1
2026-01-11 01:12:17 | unimol_tools/tasks/trainer.py | 98 | INFO | Uni-Mol Tools | Using single GPU.
2026-01-11 01:12:18 | unimol_tools/data/conformer.py | 182 | INFO | Uni-Mol Tools | Start generating conformers...
2026-01-11 01:12:22 | unimol_tools/data/conformer.py | 197 | INFO | Uni-Mol Tools | Succeeded in generating conformers for 100.00% of molecules.
2026-01-11 01:12:22 | unimol_tools/data/conformer.py | 214 | INFO | Uni-Mol Tools | Succeeded in generating 3d conformers for 100.00% of molecules.
2026-01-11 01:12:22 | unimol_tools/tasks/trainer.py | 78 | INFO | Uni-Mol Tools | Number of GPUs available: 1
2026-01-11 01:12:22 | unimol_tools/tasks/trainer.py | 98 | INFO | Uni-Mol Tools | Using single GPU.
2026-01-11 01:12:23 | unimol_tools/data/conformer.py | 182 | INFO | Uni-Mol Tools | Start generating conformers...
2026-01-11 01:12:28 | unimol_tools/data/conformer.py | 197 | INFO | Uni-Mol Tools | Succeeded in generating conformers for 100.00% of molecules.
2026-01-11 01:12:28 | unimol_tools/data/conformer.py | 214 | INFO | Uni-Mol Tools | Succeeded in generating 3d conformers for 87.50% of molecules.
2026-01-11 01:12:28 | unimol_tools/data/conformer.py | 223 | INFO | Uni-Mol Tools | Failed 3d conformers indices: [3, 15, 20, 21]
2026-01-11 01:12:28 | unimol_tools/tasks/trainer.py | 78 | INFO | Uni-Mol Tools | Number of GPUs available: 1
2026-01-11 01:12:28 | unimol_tools/tasks/trainer.py | 98 | INFO | Uni-Mol Tools | Using single GPU.
2026-01-11 01:12:29 | unimol_tools/data/conformer.py | 182 | INFO | Uni-Mol Tools | Start generating conformers...
2026-01-11 01:12:40 | unimol_tools/data/conformer.py | 197 | INFO | Uni-Mol Tools | Succeeded in generating conformers for 100.00% of molecules.
2026-01-11 01:12:40 | unimol_tools/data/conformer.py | 214 | INFO | Uni-Mol Tools | Succeeded in generating 3d conformers for 75.00% of molecules.
2026-01-11 01:12:40 | unimol_tools/data/conformer.py | 223 | INFO | Uni-Mol Tools | Failed 3d conformers indices: [2, 9, 12, 14, 18, 21, 24, 29]
2026-01-11 01:12:40 | unimol_tools/tasks/trainer.py | 78 | INFO | Uni-Mol Tools | Number of GPUs available: 1
2026-01-11 01:12:40 | unimol_tools/tasks/trainer.py | 98 | INFO | Uni-Mol Tools | Using single GPU.
2026-01-11 01:12:41 | unimol_tools/data/conformer.py | 182 | INFO | Uni-Mol Tools | Start generating conformers...
2026-01-11 01:12:50 | unimol_tools/data/conformer.py | 197 | INFO | Uni-Mol Tools | Succeeded in generating conformers for 100.00% of molecules.
2026-01-11 01:12:50 | unimol_tools/data/conformer.py | 214 | INFO | Uni-Mol Tools | Succeeded in generating 3d conformers for 93.75% of molecules.
2026-01-11 01:12:50 | unimol_tools/data/conformer.py | 223 | INFO | Uni-Mol Tools | Failed 3d conformers indices: [4, 29]
2026-01-11 01:12:50 | unimol_tools/tasks/trainer.py | 78 | INFO | Uni-Mol Tools | Number of GPUs available: 1
2026-01-11 01:12:50 | unimol_tools/tasks/trainer.py | 98 | INFO | Uni-Mol Tools | Using single GPU.
2026-01-11 01:12:51 | unimol_tools/data/conformer.py | 182 | INFO | Uni-Mol Tools | Start generating conformers...
2026-01-11 01:12:52 | unimol_tools/data/conformer.py | 197 | INFO | Uni-Mol Tools | Succeeded in generating conformers for 100.00% of molecules.
2026-01-11 01:12:52 | unimol_tools/data/conformer.py | 214 | INFO | Uni-Mol Tools | Succeeded in generating 3d conformers for 96.88% of molecules.
2026-01-11 01:12:52 | unimol_tools/data/conformer.py | 223 | INFO | Uni-Mol Tools | Failed 3d conformers indices: [13]
2026-01-11 01:12:52 | unimol_tools/tasks/trainer.py | 78 | INFO | Uni-Mol Tools | Number of GPUs available: 1
2026-01-11 01:12:52 | unimol_tools/tasks/trainer.py | 98 | INFO | Uni-Mol Tools | Using single GPU.
2026-01-11 01:12:53 | unimol_tools/data/conformer.py | 182 | INFO | Uni-Mol Tools | Start generating conformers...
2026-01-11 01:12:56 | unimol_tools/data/conformer.py | 197 | INFO | Uni-Mol Tools | Succeeded in generating conformers for 100.00% of molecules.
2026-01-11 01:12:56 | unimol_tools/data/conformer.py | 214 | INFO | Uni-Mol Tools | Succeeded in generating 3d conformers for 93.75% of molecules.
2026-01-11 01:12:56 | unimol_tools/data/conformer.py | 223 | INFO | Uni-Mol Tools | Failed 3d conformers indices: [12, 27]
2026-01-11 01:12:56 | unimol_tools/tasks/trainer.py | 78 | INFO | Uni-Mol Tools | Number of GPUs available: 1
2026-01-11 01:12:56 | unimol_tools/tasks/trainer.py | 98 | INFO | Uni-Mol Tools | Using single GPU.
2026-01-11 01:12:57 | unimol_tools/data/conformer.py | 182 | INFO | Uni-Mol Tools | Start generating conformers...
2026-01-11 01:13:03 | unimol_tools/data/conformer.py | 197 | INFO | Uni-Mol Tools | Succeeded in generating conformers for 100.00% of molecules.
2026-01-11 01:13:03 | unimol_tools/data/conformer.py | 214 | INFO | Uni-Mol Tools | Succeeded in generating 3d conformers for 96.88% of molecules.
2026-01-11 01:13:03 | unimol_tools/data/conformer.py | 223 | INFO | Uni-Mol Tools | Failed 3d conformers indices: [5]
2026-01-11 01:13:03 | unimol_tools/tasks/trainer.py | 78 | INFO | Uni-Mol Tools | Number of GPUs available: 1
2026-01-11 01:13:03 | unimol_tools/tasks/trainer.py | 98 | INFO | Uni-Mol Tools | Using single GPU.
2026-01-11 01:13:04 | unimol_tools/data/conformer.py | 182 | INFO | Uni-Mol Tools | Start generating conformers...
2026-01-11 01:13:16 | unimol_tools/data/conformer.py | 197 | INFO | Uni-Mol Tools | Succeeded in generating conformers for 100.00% of molecules.
2026-01-11 01:13:16 | unimol_tools/data/conformer.py | 214 | INFO | Uni-Mol Tools | Succeeded in generating 3d conformers for 93.75% of molecules.
2026-01-11 01:13:16 | unimol_tools/data/conformer.py | 223 | INFO | Uni-Mol Tools | Failed 3d conformers indices: [8, 19]
2026-01-11 01:13:16 | unimol_tools/tasks/trainer.py | 78 | INFO | Uni-Mol Tools | Number of GPUs available: 1
2026-01-11 01:13:16 | unimol_tools/tasks/trainer.py | 98 | INFO | Uni-Mol Tools | Using single GPU.
2026-01-11 01:13:17 | unimol_tools/data/conformer.py | 182 | INFO | Uni-Mol Tools | Start generating conformers...
2026-01-11 01:13:31 | unimol_tools/data/conformer.py | 197 | INFO | Uni-Mol Tools | Succeeded in generating conformers for 100.00% of molecules.
2026-01-11 01:13:31 | unimol_tools/data/conformer.py | 214 | INFO | Uni-Mol Tools | Succeeded in generating 3d conformers for 87.50% of molecules.
2026-01-11 01:13:31 | unimol_tools/data/conformer.py | 223 | INFO | Uni-Mol Tools | Failed 3d conformers indices: [14, 21, 27, 31]
2026-01-11 01:13:31 | unimol_tools/tasks/trainer.py | 78 | INFO | Uni-Mol Tools | Number of GPUs available: 1
2026-01-11 01:13:31 | unimol_tools/tasks/trainer.py | 98 | INFO | Uni-Mol Tools | Using single GPU.
2026-01-11 01:13:32 | unimol_tools/data/conformer.py | 182 | INFO | Uni-Mol Tools | Start generating conformers...
2026-01-11 01:13:36 | unimol_tools/data/conformer.py | 197 | INFO | Uni-Mol Tools | Succeeded in generating conformers for 100.00% of molecules.
2026-01-11 01:13:36 | unimol_tools/data/conformer.py | 214 | INFO | Uni-Mol Tools | Succeeded in generating 3d conformers for 100.00% of molecules.
2026-01-11 01:13:36 | unimol_tools/tasks/trainer.py | 78 | INFO | Uni-Mol Tools | Number of GPUs available: 1
2026-01-11 01:13:36 | unimol_tools/tasks/trainer.py | 98 | INFO | Uni-Mol Tools | Using single GPU.
2026-01-11 01:13:37 | unimol_tools/data/conformer.py | 182 | INFO | Uni-Mol Tools | Start generating conformers...
2026-01-11 01:13:40 | unimol_tools/data/conformer.py | 197 | INFO | Uni-Mol Tools | Succeeded in generating conformers for 100.00% of molecules.
2026-01-11 01:13:40 | unimol_tools/data/conformer.py | 214 | INFO | Uni-Mol Tools | Succeeded in generating 3d conformers for 100.00% of molecules.
2026-01-11 01:13:40 | unimol_tools/tasks/trainer.py | 78 | INFO | Uni-Mol Tools | Number of GPUs available: 1
2026-01-11 01:13:40 | unimol_tools/tasks/trainer.py | 98 | INFO | Uni-Mol Tools | Using single GPU.
2026-01-11 01:13:41 | unimol_tools/data/conformer.py | 182 | INFO | Uni-Mol Tools | Start generating conformers...
2026-01-11 01:13:42 | unimol_tools/data/conformer.py | 197 | INFO | Uni-Mol Tools | Succeeded in generating conformers for 100.00% of molecules.
2026-01-11 01:13:42 | unimol_tools/data/conformer.py | 214 | INFO | Uni-Mol Tools | Succeeded in generating 3d conformers for 100.00% of molecules.
2026-01-11 01:13:42 | unimol_tools/tasks/trainer.py | 78 | INFO | Uni-Mol Tools | Number of GPUs available: 1
2026-01-11 01:13:42 | unimol_tools/tasks/trainer.py | 98 | INFO | Uni-Mol Tools | Using single GPU.
2026-01-11 01:13:42 | unimol_tools/data/conformer.py | 182 | INFO | Uni-Mol Tools | Start generating conformers...
2026-01-11 01:13:45 | unimol_tools/data/conformer.py | 197 | INFO | Uni-Mol Tools | Succeeded in generating conformers for 100.00% of molecules.
2026-01-11 01:13:45 | unimol_tools/data/conformer.py | 214 | INFO | Uni-Mol Tools | Succeeded in generating 3d conformers for 96.88% of molecules.
2026-01-11 01:13:45 | unimol_tools/data/conformer.py | 223 | INFO | Uni-Mol Tools | Failed 3d conformers indices: [8]
2026-01-11 01:13:45 | unimol_tools/tasks/trainer.py | 78 | INFO | Uni-Mol Tools | Number of GPUs available: 1
2026-01-11 01:13:45 | unimol_tools/tasks/trainer.py | 98 | INFO | Uni-Mol Tools | Using single GPU.
2026-01-11 01:13:46 | unimol_tools/data/conformer.py | 182 | INFO | Uni-Mol Tools | Start generating conformers...
2026-01-11 01:13:48 | unimol_tools/data/conformer.py | 197 | INFO | Uni-Mol Tools | Succeeded in generating conformers for 100.00% of molecules.
2026-01-11 01:13:48 | unimol_tools/data/conformer.py | 214 | INFO | Uni-Mol Tools | Succeeded in generating 3d conformers for 100.00% of molecules.
2026-01-11 01:13:48 | unimol_tools/tasks/trainer.py | 78 | INFO | Uni-Mol Tools | Number of GPUs available: 1
2026-01-11 01:13:48 | unimol_tools/tasks/trainer.py | 98 | INFO | Uni-Mol Tools | Using single GPU.
2026-01-11 01:13:48 | unimol_tools/data/conformer.py | 182 | INFO | Uni-Mol Tools | Start generating conformers...
2026-01-11 01:13:49 | unimol_tools/data/conformer.py | 197 | INFO | Uni-Mol Tools | Succeeded in generating conformers for 100.00% of molecules.
2026-01-11 01:13:49 | unimol_tools/data/conformer.py | 214 | INFO | Uni-Mol Tools | Succeeded in generating 3d conformers for 100.00% of molecules.
2026-01-11 01:13:49 | unimol_tools/tasks/trainer.py | 78 | INFO | Uni-Mol Tools | Number of GPUs available: 1
2026-01-11 01:13:49 | unimol_tools/tasks/trainer.py | 98 | INFO | Uni-Mol Tools | Using single GPU.
2026-01-11 01:13:50 | unimol_tools/data/conformer.py | 182 | INFO | Uni-Mol Tools | Start generating conformers...
2026-01-11 01:13:56 | unimol_tools/data/conformer.py | 197 | INFO | Uni-Mol Tools | Succeeded in generating conformers for 100.00% of molecules.
2026-01-11 01:13:56 | unimol_tools/data/conformer.py | 214 | INFO | Uni-Mol Tools | Succeeded in generating 3d conformers for 78.12% of molecules.
2026-01-11 01:13:56 | unimol_tools/data/conformer.py | 223 | INFO | Uni-Mol Tools | Failed 3d conformers indices: [16, 25, 27, 28, 29, 30, 31]
2026-01-11 01:13:56 | unimol_tools/tasks/trainer.py | 78 | INFO | Uni-Mol Tools | Number of GPUs available: 1
2026-01-11 01:13:56 | unimol_tools/tasks/trainer.py | 98 | INFO | Uni-Mol Tools | Using single GPU.
2026-01-11 01:13:57 | unimol_tools/data/conformer.py | 182 | INFO | Uni-Mol Tools | Start generating conformers...
2026-01-11 01:13:58 | unimol_tools/data/conformer.py | 197 | INFO | Uni-Mol Tools | Succeeded in generating conformers for 100.00% of molecules.
2026-01-11 01:13:58 | unimol_tools/data/conformer.py | 214 | INFO | Uni-Mol Tools | Succeeded in generating 3d conformers for 100.00% of molecules.
2026-01-11 01:13:58 | unimol_tools/tasks/trainer.py | 78 | INFO | Uni-Mol Tools | Number of GPUs available: 1
2026-01-11 01:13:58 | unimol_tools/tasks/trainer.py | 98 | INFO | Uni-Mol Tools | Using single GPU.
2026-01-11 01:13:59 | unimol_tools/data/conformer.py | 182 | INFO | Uni-Mol Tools | Start generating conformers...
2026-01-11 01:14:00 | unimol_tools/data/conformer.py | 197 | INFO | Uni-Mol Tools | Succeeded in generating conformers for 100.00% of molecules.
2026-01-11 01:14:00 | unimol_tools/data/conformer.py | 214 | INFO | Uni-Mol Tools | Succeeded in generating 3d conformers for 100.00% of molecules.
2026-01-11 01:14:00 | unimol_tools/tasks/trainer.py | 78 | INFO | Uni-Mol Tools | Number of GPUs available: 1
2026-01-11 01:14:00 | unimol_tools/tasks/trainer.py | 98 | INFO | Uni-Mol Tools | Using single GPU.
2026-01-11 01:14:01 | unimol_tools/data/conformer.py | 182 | INFO | Uni-Mol Tools | Start generating conformers...
2026-01-11 01:14:02 | unimol_tools/data/conformer.py | 197 | INFO | Uni-Mol Tools | Succeeded in generating conformers for 100.00% of molecules.
2026-01-11 01:14:02 | unimol_tools/data/conformer.py | 214 | INFO | Uni-Mol Tools | Succeeded in generating 3d conformers for 100.00% of molecules.
2026-01-11 01:14:02 | unimol_tools/tasks/trainer.py | 78 | INFO | Uni-Mol Tools | Number of GPUs available: 1
2026-01-11 01:14:02 | unimol_tools/tasks/trainer.py | 98 | INFO | Uni-Mol Tools | Using single GPU.
